<?xml version="1.0" encoding="UTF-8"?>
<!-- Generated by org.testng.reporters.JUnitReportReporter -->
<testsuite skipped="0" hostname="Saarthi-C02G99Q2Q6L4.local" name="com.qa.tests.HomePageTests" tests="1" failures="0" timestamp="2023-06-15T23:58:31 IST" time="67.586" errors="0">
  <testcase name="validate_ToNavigateIntoSignPage_title" time="67.586" classname="com.qa.tests.HomePageTests"/>
  <system-out/>
</testsuite> <!-- com.qa.tests.HomePageTests -->
