<?xml version="1.0" encoding="UTF-8"?>
<!-- Generated by org.testng.reporters.JUnitReportReporter -->
<testsuite skipped="0" hostname="Saarthi-C02G99Q2Q6L4.local" name="com.qa.practiceTests.NaveenAutomationLabs" tests="1" failures="0" timestamp="2023-06-22T16:26:23 IST" time="74.385" errors="0">
  <testcase name="ZooplaEx1" time="74.385" classname="com.qa.practiceTests.NaveenAutomationLabs"/>
  <system-out/>
</testsuite> <!-- com.qa.practiceTests.NaveenAutomationLabs -->
